C:\Program Files (x86)\visual studio\MSBuild\Microsoft\VC\v160\Microsoft.CppBuild.targets(513,5): warning MSB8028: The intermediate directory (x64\Debug\) contains files shared from another project (Doom3.vcxproj, Ghantaghar.vcxproj).  This can lead to incorrect clean and rebuild behavior.
  main.cpp
C:\Users\adith\Desktop\test\Opengl-Project\Opengl Project\coordinate.h(56,1): warning C4305: '*=': truncation from 'double' to 'GLfloat'
C:\Users\adith\Desktop\test\Opengl-Project\Opengl Project\Draw.h(99,1): warning C4267: 'initializing': conversion from 'size_t' to 'int', possible loss of data
C:\Users\adith\Desktop\test\Opengl-Project\Opengl Project\Draw.h(128,1): warning C4267: 'initializing': conversion from 'size_t' to 'int', possible loss of data
C:\Users\adith\Desktop\test\Opengl-Project\Opengl Project\Draw.h(131,21): warning C4244: 'argument': conversion from 'int' to 'GLfloat', possible loss of data
C:\Users\adith\Desktop\test\Opengl-Project\Opengl Project\sphere.h(14,22): warning C4244: 'initializing': conversion from 'double' to 'float', possible loss of data
C:\Users\adith\Desktop\test\Opengl-Project\Opengl Project\sphere.h(15,19): warning C4244: 'initializing': conversion from 'double' to 'float', possible loss of data
C:\Users\adith\Desktop\test\Opengl-Project\Opengl Project\sphere.h(76,18): warning C4244: '=': conversion from 'int' to 'GLfloat', possible loss of data
C:\Users\adith\Desktop\test\Opengl-Project\Opengl Project\Object.h(20,22): warning C4244: 'initializing': conversion from 'double' to 'float', possible loss of data
C:\Users\adith\Desktop\test\Opengl-Project\Opengl Project\Object.h(23,1): warning C4305: '=': truncation from 'double' to 'float'
C:\Users\adith\Desktop\test\Opengl-Project\Opengl Project\Clock.h(19,26): warning C4244: 'initializing': conversion from 'double' to 'GLfloat', possible loss of data
C:\Users\adith\Desktop\test\Opengl-Project\Opengl Project\Clock.h(20,1): warning C4305: '+=': truncation from 'double' to 'GLfloat'
C:\Users\adith\Desktop\test\Opengl-Project\Opengl Project\Clock.h(22,71): warning C4244: 'argument': conversion from 'double' to 'float', possible loss of data
C:\Users\adith\Desktop\test\Opengl-Project\Opengl Project\Clock.h(22,47): warning C4244: 'argument': conversion from 'double' to 'float', possible loss of data
C:\Users\adith\Desktop\test\Opengl-Project\Opengl Project\Clock.h(23,64): warning C4244: 'argument': conversion from 'double' to 'float', possible loss of data
C:\Users\adith\Desktop\test\Opengl-Project\Opengl Project\Clock.h(30,1): warning C4305: 'initializing': truncation from 'double' to 'GLfloat'
C:\Users\adith\Desktop\test\Opengl-Project\Opengl Project\Clock.h(31,1): warning C4305: '+=': truncation from 'double' to 'GLfloat'
C:\Users\adith\Desktop\test\Opengl-Project\Opengl Project\Clock.h(39,1): warning C4267: 'initializing': conversion from 'size_t' to 'int', possible loss of data
C:\Users\adith\Desktop\test\Opengl-Project\Opengl Project\Clock.h(63,32): warning C4244: 'argument': conversion from 'int' to 'float', possible loss of data
C:\Users\adith\Desktop\test\Opengl-Project\Opengl Project\Clock.h(62,32): warning C4244: 'argument': conversion from 'int' to 'float', possible loss of data
C:\Users\adith\Desktop\test\Opengl-Project\Opengl Project\Clock.h(61,54): warning C4244: 'argument': conversion from 'int' to 'float', possible loss of data
C:\Users\adith\Desktop\test\Opengl-Project\Opengl Project\Clock.h(66,86): warning C4244: 'argument': conversion from 'double' to 'float', possible loss of data
C:\Users\adith\Desktop\test\Opengl-Project\Opengl Project\Clock.h(66,42): warning C4244: 'argument': conversion from 'double' to 'float', possible loss of data
C:\Users\adith\Desktop\test\Opengl-Project\Opengl Project\Clock.h(67,86): warning C4244: 'argument': conversion from 'double' to 'float', possible loss of data
C:\Users\adith\Desktop\test\Opengl-Project\Opengl Project\Clock.h(67,42): warning C4244: 'argument': conversion from 'double' to 'float', possible loss of data
C:\Users\adith\Desktop\test\Opengl-Project\Opengl Project\Clock.h(68,86): warning C4244: 'argument': conversion from 'double' to 'float', possible loss of data
C:\Users\adith\Desktop\test\Opengl-Project\Opengl Project\Clock.h(68,42): warning C4244: 'argument': conversion from 'double' to 'float', possible loss of data
C:\Users\adith\Desktop\test\Opengl-Project\Opengl Project\Clock.h(84,1): warning C4267: 'initializing': conversion from 'size_t' to 'int', possible loss of data
C:\Users\adith\Desktop\test\Opengl-Project\Opengl Project\Clock.h(115,22): warning C4244: '=': conversion from 'double' to 'int', possible loss of data
C:\Users\adith\Desktop\test\Opengl-Project\Opengl Project\Clock.h(118,46): warning C4244: 'argument': conversion from 'double' to 'float', possible loss of data
C:\Users\adith\Desktop\test\Opengl-Project\Opengl Project\model.h(7,25): warning C4267: 'initializing': conversion from 'size_t' to 'int', possible loss of data
C:\Users\adith\Desktop\test\Opengl-Project\Opengl Project\model.h(8,26): warning C4267: 'initializing': conversion from 'size_t' to 'int', possible loss of data
C:\Users\adith\Desktop\test\Opengl-Project\Opengl Project\model.h(37,29): warning C4267: 'initializing': conversion from 'size_t' to 'int', possible loss of data
C:\Users\adith\Desktop\test\Opengl-Project\Opengl Project\model.h(59,76): warning C4244: 'argument': conversion from 'double' to 'GLfloat', possible loss of data
C:\Users\adith\Desktop\test\Opengl-Project\Opengl Project\model.h(59,48): warning C4244: 'argument': conversion from 'double' to 'GLfloat', possible loss of data
C:\Users\adith\Desktop\test\Opengl-Project\Opengl Project\model.h(60,76): warning C4244: 'argument': conversion from 'double' to 'GLfloat', possible loss of data
C:\Users\adith\Desktop\test\Opengl-Project\Opengl Project\model.h(60,48): warning C4244: 'argument': conversion from 'double' to 'GLfloat', possible loss of data
C:\Users\adith\Desktop\test\Opengl-Project\Opengl Project\model.h(62,76): warning C4244: 'argument': conversion from 'double' to 'GLfloat', possible loss of data
C:\Users\adith\Desktop\test\Opengl-Project\Opengl Project\model.h(62,48): warning C4244: 'argument': conversion from 'double' to 'GLfloat', possible loss of data
C:\Users\adith\Desktop\test\Opengl-Project\Opengl Project\model.h(68,34): warning C4244: 'argument': conversion from 'GLfloat' to 'int', possible loss of data
C:\Users\adith\Desktop\test\Opengl-Project\Opengl Project\model.h(69,136): warning C4244: 'argument': conversion from 'double' to 'float', possible loss of data
C:\Users\adith\Desktop\test\Opengl-Project\Opengl Project\model.h(69,40): warning C4244: 'argument': conversion from 'double' to 'GLfloat', possible loss of data
C:\Users\adith\Desktop\test\Opengl-Project\Opengl Project\model.h(70,117): warning C4244: 'argument': conversion from 'double' to 'float', possible loss of data
C:\Users\adith\Desktop\test\Opengl-Project\Opengl Project\model.h(70,31): warning C4244: 'argument': conversion from 'GLfloat' to 'int', possible loss of data
C:\Users\adith\Desktop\test\Opengl-Project\Opengl Project\model.h(79,189): warning C4244: 'argument': conversion from 'double' to 'GLfloat', possible loss of data
C:\Users\adith\Desktop\test\Opengl-Project\Opengl Project\model.h(79,46): warning C4244: 'argument': conversion from 'double' to 'int', possible loss of data
C:\Users\adith\Desktop\test\Opengl-Project\Opengl Project\model.h(99,18): warning C4244: '=': conversion from 'int' to 'GLfloat', possible loss of data
C:\Users\adith\Desktop\test\Opengl-Project\Opengl Project\model.h(149,62): warning C4244: 'argument': conversion from 'GLint' to 'GLfloat', possible loss of data
C:\Users\adith\Desktop\test\Opengl-Project\Opengl Project\model.h(150,62): warning C4244: 'argument': conversion from 'GLint' to 'GLfloat', possible loss of data
C:\Users\adith\Desktop\test\Opengl-Project\Opengl Project\model.h(151,62): warning C4244: 'argument': conversion from 'GLint' to 'GLfloat', possible loss of data
C:\Users\adith\Desktop\test\Opengl-Project\Opengl Project\main.cpp(68,22): warning C4244: 'argument': conversion from 'float' to 'GLint', possible loss of data
C:\Users\adith\Desktop\test\Opengl-Project\Opengl Project\main.cpp(68,16): warning C4244: 'argument': conversion from 'float' to 'GLint', possible loss of data
C:\Users\adith\Desktop\test\Opengl-Project\Opengl Project\main.cpp(52,22): warning C4101: 'seconds': unreferenced local variable
C:\Users\adith\Desktop\test\Opengl-Project\Opengl Project\main.cpp(52,16): warning C4101: 'mins': unreferenced local variable
C:\Users\adith\Desktop\test\Opengl-Project\Opengl Project\main.cpp(52,9): warning C4101: 'hours': unreferenced local variable
glfw3.lib(context.obj) : warning LNK4099: PDB 'glfw3.pdb' was not found with 'glfw3.lib(context.obj)' or at 'C:\Users\adith\Desktop\test\Opengl-Project\x64\Debug\glfw3.pdb'; linking object as if no debug info
glfw3.lib(init.obj) : warning LNK4099: PDB 'glfw3.pdb' was not found with 'glfw3.lib(init.obj)' or at 'C:\Users\adith\Desktop\test\Opengl-Project\x64\Debug\glfw3.pdb'; linking object as if no debug info
glfw3.lib(input.obj) : warning LNK4099: PDB 'glfw3.pdb' was not found with 'glfw3.lib(input.obj)' or at 'C:\Users\adith\Desktop\test\Opengl-Project\x64\Debug\glfw3.pdb'; linking object as if no debug info
glfw3.lib(monitor.obj) : warning LNK4099: PDB 'glfw3.pdb' was not found with 'glfw3.lib(monitor.obj)' or at 'C:\Users\adith\Desktop\test\Opengl-Project\x64\Debug\glfw3.pdb'; linking object as if no debug info
glfw3.lib(vulkan.obj) : warning LNK4099: PDB 'glfw3.pdb' was not found with 'glfw3.lib(vulkan.obj)' or at 'C:\Users\adith\Desktop\test\Opengl-Project\x64\Debug\glfw3.pdb'; linking object as if no debug info
glfw3.lib(window.obj) : warning LNK4099: PDB 'glfw3.pdb' was not found with 'glfw3.lib(window.obj)' or at 'C:\Users\adith\Desktop\test\Opengl-Project\x64\Debug\glfw3.pdb'; linking object as if no debug info
glfw3.lib(win32_init.obj) : warning LNK4099: PDB 'glfw3.pdb' was not found with 'glfw3.lib(win32_init.obj)' or at 'C:\Users\adith\Desktop\test\Opengl-Project\x64\Debug\glfw3.pdb'; linking object as if no debug info
glfw3.lib(win32_joystick.obj) : warning LNK4099: PDB 'glfw3.pdb' was not found with 'glfw3.lib(win32_joystick.obj)' or at 'C:\Users\adith\Desktop\test\Opengl-Project\x64\Debug\glfw3.pdb'; linking object as if no debug info
glfw3.lib(win32_monitor.obj) : warning LNK4099: PDB 'glfw3.pdb' was not found with 'glfw3.lib(win32_monitor.obj)' or at 'C:\Users\adith\Desktop\test\Opengl-Project\x64\Debug\glfw3.pdb'; linking object as if no debug info
glfw3.lib(win32_time.obj) : warning LNK4099: PDB 'glfw3.pdb' was not found with 'glfw3.lib(win32_time.obj)' or at 'C:\Users\adith\Desktop\test\Opengl-Project\x64\Debug\glfw3.pdb'; linking object as if no debug info
glfw3.lib(win32_thread.obj) : warning LNK4099: PDB '' was not found with 'glfw3.lib(win32_thread.obj)' or at ''; linking object as if no debug info
glfw3.lib(win32_window.obj) : warning LNK4099: PDB 'glfw3.pdb' was not found with 'glfw3.lib(win32_window.obj)' or at 'C:\Users\adith\Desktop\test\Opengl-Project\x64\Debug\glfw3.pdb'; linking object as if no debug info
glfw3.lib(wgl_context.obj) : warning LNK4099: PDB 'glfw3.pdb' was not found with 'glfw3.lib(wgl_context.obj)' or at 'C:\Users\adith\Desktop\test\Opengl-Project\x64\Debug\glfw3.pdb'; linking object as if no debug info
glfw3.lib(egl_context.obj) : warning LNK4099: PDB 'glfw3.pdb' was not found with 'glfw3.lib(egl_context.obj)' or at 'C:\Users\adith\Desktop\test\Opengl-Project\x64\Debug\glfw3.pdb'; linking object as if no debug info
glfw3.lib(osmesa_context.obj) : warning LNK4099: PDB 'glfw3.pdb' was not found with 'glfw3.lib(osmesa_context.obj)' or at 'C:\Users\adith\Desktop\test\Opengl-Project\x64\Debug\glfw3.pdb'; linking object as if no debug info
  Opengl Project.vcxproj -> C:\Users\adith\Desktop\test\Opengl-Project\x64\Debug\Gh.exe
