  Triangle.cpp
Triangle.obj : error LNK2001: unresolved external symbol __imp____glewEnableVertexAttribArray
Triangle.obj : error LNK2001: unresolved external symbol __imp____glewBindVertexArray
Triangle.obj : error LNK2001: unresolved external symbol __imp____glewUseProgram
Triangle.obj : error LNK2001: unresolved external symbol __imp____glewVertexAttribPointer
Triangle.obj : error LNK2001: unresolved external symbol __imp____glewGetShaderiv
Triangle.obj : error LNK2001: unresolved external symbol __imp____glewCompileShader
Triangle.obj : error LNK2001: unresolved external symbol __imp____glewCreateShader
Triangle.obj : error LNK2001: unresolved external symbol __imp____glewBindBuffer
Triangle.obj : error LNK2001: unresolved external symbol __imp____glewCreateProgram
Triangle.obj : error LNK2001: unresolved external symbol __imp____glewGetShaderInfoLog
Triangle.obj : error LNK2001: unresolved external symbol __imp____glewGetProgramiv
Triangle.obj : error LNK2001: unresolved external symbol __imp____glewDeleteVertexArrays
Triangle.obj : error LNK2001: unresolved external symbol __imp____glewBufferData
Triangle.obj : error LNK2001: unresolved external symbol __imp____glewAttachShader
Triangle.obj : error LNK2001: unresolved external symbol __imp____glewDeleteProgram
Triangle.obj : error LNK2001: unresolved external symbol __imp____glewShaderSource
Triangle.obj : error LNK2001: unresolved external symbol __imp____glewGenVertexArrays
Triangle.obj : error LNK2001: unresolved external symbol __imp____glewGetProgramInfoLog
Triangle.obj : error LNK2001: unresolved external symbol __imp____glewGenBuffers
Triangle.obj : error LNK2001: unresolved external symbol __imp____glewDeleteShader
Triangle.obj : error LNK2001: unresolved external symbol __imp____glewLinkProgram
Triangle.obj : error LNK2001: unresolved external symbol __imp__glewInit@0
Triangle.obj : error LNK2001: unresolved external symbol __imp____glewDeleteBuffers
G:\Opengl Project\Release\Opengl Project.exe : fatal error LNK1120: 23 unresolved externals
